<?xml version="1.0" encoding="UTF-8"?>
<testng-results skipped="0" failed="0" ignored="0" total="1" passed="1">
  <reporter-output>
  </reporter-output>
  <suite name="Suite" duration-ms="7677" started-at="2018-03-09T19:42:59Z" finished-at="2018-03-09T19:43:07Z">
    <groups>
    </groups>
    <test name="Test" duration-ms="7677" started-at="2018-03-09T19:42:59Z" finished-at="2018-03-09T19:43:07Z">
      <class name="test.Selenium_Jenkins_Integration">
        <test-method status="PASS" signature="setUp()[pri:0, instance:test.Selenium_Jenkins_Integration@147ed70f]" name="setUp" is-config="true" duration-ms="5185" started-at="2018-03-09T19:43:00Z" finished-at="2018-03-09T19:43:05Z">
          <reporter-output>
          </reporter-output>
        </test-method> <!-- setUp -->
        <test-method status="PASS" signature="test()[pri:0, instance:test.Selenium_Jenkins_Integration@147ed70f]" name="test" duration-ms="1823" started-at="2018-03-09T19:43:05Z" finished-at="2018-03-09T19:43:07Z">
          <reporter-output>
          </reporter-output>
        </test-method> <!-- test -->
        <test-method status="PASS" signature="tearDown()[pri:0, instance:test.Selenium_Jenkins_Integration@147ed70f]" name="tearDown" is-config="true" duration-ms="629" started-at="2018-03-09T19:43:07Z" finished-at="2018-03-09T19:43:07Z">
          <reporter-output>
          </reporter-output>
        </test-method> <!-- tearDown -->
      </class> <!-- test.Selenium_Jenkins_Integration -->
    </test> <!-- Test -->
  </suite> <!-- Suite -->
</testng-results>
